0 info it worked if it ends with ok
1 verbose cli [ 'node',
1 verbose cli   '/Users/cjhuang/.nvm/v0.10.32/bin/npm',
1 verbose cli   '--global',
1 verbose cli   'run-script',
1 verbose cli   'pow',
1 verbose cli   'restart' ]
2 info using npm@2.0.0
3 info using node@v0.10.32
4 verbose stack Error: ENOENT, open '/Users/cjhuang/workspace/project_yahoo/yahoo_sop_api/package.json'
5 verbose cwd /Users/cjhuang/workspace/project_yahoo/yahoo_sop_api
6 error Darwin 14.0.0
7 error argv "node" "/Users/cjhuang/.nvm/v0.10.32/bin/npm" "--global" "run-script" "pow" "restart"
8 error node v0.10.32
9 error npm  v2.0.0
10 error path /Users/cjhuang/workspace/project_yahoo/yahoo_sop_api/package.json
11 error code ENOENT
12 error errno 34
13 error ENOENT, open '/Users/cjhuang/workspace/project_yahoo/yahoo_sop_api/package.json'
14 error If you need help, you may report this error at:
14 error     <http://github.com/npm/npm/issues>
15 verbose exit [ 34, true ]
